ROOT: /home/share/huadjyin/home/tangwangyang/workspace/sunmengmeng/data/DIGnet/Chiso

===== textdataset xlsx samples =====

--- split_data_1.xlsx shape (200, 2) ---
           句子        标签
   附近还有其他的酒店吗   预订和旅行安排
  我们只有没有淋浴的房间     住房和设施
来这里，我能看到高大的樟树     自然和天气
     这是很棒的植物园     自然和天气
     听听大自然的声音     自然和天气
   你非常喜欢它们，对吧      兴趣爱好
      我会帮你拍照的 个人行为和日常活动
      房间已经订满了   预订和旅行安排
    你的信用卡号是多少     金融和付款
     单人房包括餐食吗     饮食和用餐

--- split_data_10.xlsx shape (150, 2) ---
        句子        标签
 加拿大真是个好地方     自然和天气
我会准时到的，别担心   时间和日程安排
工作再忙也要保持效率   求职和职业发展
生日派对，不要错过哦   社交和聚会活动
 分手了，但还要坚强 人际交往和情感表达
 生活有时候需要变化   健康和安全建议
 家里有狗，我怕极了 家庭关系和家庭事件
  每月要存点钱买房     金融和付款
  爱情有时真是盲目   情感和人际关系
小心点，水快溢出来了   健康和安全建议

--- split_data_11.xlsx shape (150, 2) ---
          句子        标签
      孩子上幼儿园 家庭关系和家庭事件
你相信算命吗？我不信这个   询问和个人事务
  婚礼上的新习俗很有趣   节日和庆祝活动
   海滩夏日真是太棒了     自然和天气
     他们竟然订婚了   情感和人际关系
 家人突然来访真让人吃惊 家庭关系和家庭事件
  丈夫出轨了，我很难过 家庭关系和家庭事件
   大连是个美丽的城市     自然和天气
   我得去看望我的女儿 家庭关系和家庭事件
   跨国婚姻初期挺难的 家庭关系和家庭事件

--- split_data_12.xlsx shape (150, 2) ---
        句子        标签
   你最近减肥了吗   问候和情感状态
  你的头发做得很好   理发和美容护理
   今晚能来我家吗   时间和日程安排
  这些山上以前有树     自然和天气
  我们以前时常聊天 人际交往和情感表达
  我昨天去看医生了   健康和身体不适
这里真热，可以坐这吗     自然和天气
   你想去哪所大学     教育和学习
请把脚从桌子上拿下来   健康和安全建议
  我喜欢旅行去度假     旅游和度假

--- split_data_13.xlsx shape (150, 2) ---
           句子        标签
  当然不介意，欢迎你加入     欢迎和感谢
    听说你找到新工作了   求职和职业发展
      我将在邮局工作   求职和职业发展
    你的工作时间很长吗   求职和职业发展
 为什么申请这么辛苦的工作   求职和职业发展
  政府为员工提供健康保险   工作和职场交流
   家人可以用健康保险吗 家庭关系和家庭事件
孩子们可以免费获得医疗照顾 家庭关系和家庭事件
    那是很棒的就业福利   求职和职业发展
   我们周末有个乔迁派对   社交和聚会活动

--- split_data_14.xlsx shape (150, 2) ---
         句子        标签
     我只是想家了   健康和身体不适
 我需要买个大号平底锅 个人行为和日常活动
  这个铝制平底锅很轻   产品和质量保证
    这个手柄很耐热   产品和质量保证
  我要买这个完美的锅   产品和质量保证
我们终于找到合适的锅了   产品和质量保证
    这个音乐盒很棒      表演艺术
  这个音乐盒没有保修 设备故障和环境问题
  这是个漂亮的收藏品   产品和质量保证
    我需要买些鲜花 个人行为和日常活动

--- split_data_15.xlsx shape (150, 2) ---
           句子       标签
家里氛围自在，晚餐即将开始    饮食和用餐
 收到了礼物，工艺非常精湛  节日和庆祝活动
 使用刀叉对我来说不成问题    饮食和用餐
  这件事私下解决更为妥当  健康和安全建议
数学老师幽默，历史老师古板    教育和学习
    我必须尽快清理教室  时间和日程安排
    学校新增了一些课程    教育和学习
宿舍干净明亮，室友也很友好    住房和设施
  我参加了专业的英语辅导    语言和学习
   图书馆的藏书非常丰富 互联网和信息技术

--- split_data_16.xlsx shape (150, 2) ---
           句子      标签
     请问有什么问题吗 提供和请求帮助
      我最近很容易累 健康和身体不适
   我经常在会议中打瞌睡 健康和身体不适
    我今天早上被解雇了 求职和职业发展
      我的食欲还不错   饮食和用餐
     我体重增加了两磅 健康和身体不适
      请解开你的衬衫 询问和个人事务
我们成功注册了新产品的商标 产品和质量保证
我们需要制定有效的推广策略 工作和职场交流
  我们开始受到海外的关注 工作和职场交流

--- split_data_17.xlsx shape (150, 2) ---
      句子        标签
 我对工作感兴趣   求职和职业发展
  你最近怎么了   问候和情感状态
 我对工作不满意   求职和职业发展
 我是个好设计师 个人行为和日常活动
 这工作没挑战性   求职和职业发展
我需要刺激的工作   求职和职业发展
  这是长途电话      个人信息
  我不能打断她   情感和人际关系
 双倍支付加班费     金融和付款
  需要和你谈谈   询问和个人事务

--- split_data_18.xlsx shape (150, 2) ---
       句子        标签
直接晋升为部门经理   工作和职场交流
   防止货物被盗   旅行和行李管理
   你最近怎么样   问候和情感状态
   我能帮你什么   提供和请求帮助
   我写错了金额     金融和付款
 我会立即为你取消 个人行为和日常活动
 我的账户余额不足     金融和付款
  我们将进行调查   工作和职场交流
  您不必为此付费     价格和费用
你需要保持最低余额     金融和付款

===== textdataset id list =====
num xlsx: 45
ids: [1, 2, 3, 4, 5, 6, 7, 8, 9, 10, 11, 12, 13, 14, 15, 16, 17, 18, 19, 20, 21, 22, 23, 24, 25, 26, 27, 28, 29, 30, 31, 32, 33, 34, 35, 36, 37, 38, 39, 40, 41, 42, 43, 44, 45]

===== edf file pattern samples =====
num edf: 225
sub-01/ses-01/eeg/sub-01_ses-01_task-imagine_run-01_eeg.edf
sub-01/ses-01/eeg/sub-01_ses-01_task-imagine_run-02_eeg.edf
sub-01/ses-01/eeg/sub-01_ses-01_task-imagine_run-03_eeg.edf
sub-01/ses-01/eeg/sub-01_ses-01_task-imagine_run-04_eeg.edf
sub-01/ses-01/eeg/sub-01_ses-01_task-imagine_run-05_eeg.edf
sub-01/ses-01/eeg/sub-01_ses-01_task-imagine_run-06_eeg.edf
sub-01/ses-01/eeg/sub-01_ses-01_task-imagine_run-07_eeg.edf
sub-01/ses-02/eeg/sub-01_ses-02_task-imagine_run-010_eeg.edf
sub-01/ses-02/eeg/sub-01_ses-02_task-imagine_run-011_eeg.edf
sub-01/ses-02/eeg/sub-01_ses-02_task-imagine_run-012_eeg.edf
sub-01/ses-02/eeg/sub-01_ses-02_task-imagine_run-013_eeg.edf
sub-01/ses-02/eeg/sub-01_ses-02_task-imagine_run-014_eeg.edf
sub-01/ses-02/eeg/sub-01_ses-02_task-imagine_run-015_eeg.edf
sub-01/ses-02/eeg/sub-01_ses-02_task-imagine_run-08_eeg.edf
sub-01/ses-02/eeg/sub-01_ses-02_task-imagine_run-09_eeg.edf
sub-01/ses-03/eeg/sub-01_ses-03_task-imagine_run-016_eeg.edf
sub-01/ses-03/eeg/sub-01_ses-03_task-imagine_run-017_eeg.edf
sub-01/ses-03/eeg/sub-01_ses-03_task-imagine_run-018_eeg.edf
sub-01/ses-03/eeg/sub-01_ses-03_task-imagine_run-019_eeg.edf
sub-01/ses-03/eeg/sub-01_ses-03_task-imagine_run-020_eeg.edf
sub-01/ses-03/eeg/sub-01_ses-03_task-imagine_run-021_eeg.edf
sub-01/ses-03/eeg/sub-01_ses-03_task-imagine_run-022_eeg.edf
sub-01/ses-03/eeg/sub-01_ses-03_task-imagine_run-023_eeg.edf
sub-01/ses-03/eeg/sub-01_ses-03_task-imagine_run-024_eeg.edf
sub-01/ses-03/eeg/sub-01_ses-03_task-imagine_run-025_eeg.edf
sub-01/ses-04/eeg/sub-01_ses-04_task-imagine_run-026_eeg.edf
sub-01/ses-04/eeg/sub-01_ses-04_task-imagine_run-027_eeg.edf
sub-01/ses-04/eeg/sub-01_ses-04_task-imagine_run-028_eeg.edf
sub-01/ses-04/eeg/sub-01_ses-04_task-imagine_run-029_eeg.edf
sub-01/ses-04/eeg/sub-01_ses-04_task-imagine_run-030_eeg.edf
sub-01/ses-04/eeg/sub-01_ses-04_task-imagine_run-031_eeg.edf
sub-01/ses-04/eeg/sub-01_ses-04_task-imagine_run-032_eeg.edf
sub-01/ses-04/eeg/sub-01_ses-04_task-imagine_run-033_eeg.edf
sub-01/ses-04/eeg/sub-01_ses-04_task-imagine_run-034_eeg.edf
sub-01/ses-04/eeg/sub-01_ses-04_task-imagine_run-035_eeg.edf
sub-01/ses-05/eeg/sub-01_ses-05_task-imagine_run-036_eeg.edf
sub-01/ses-05/eeg/sub-01_ses-05_task-imagine_run-037_eeg.edf
sub-01/ses-05/eeg/sub-01_ses-05_task-imagine_run-038_eeg.edf
sub-01/ses-05/eeg/sub-01_ses-05_task-imagine_run-039_eeg.edf
sub-01/ses-05/eeg/sub-01_ses-05_task-imagine_run-040_eeg.edf
sub-01/ses-05/eeg/sub-01_ses-05_task-imagine_run-041_eeg.edf
sub-01/ses-05/eeg/sub-01_ses-05_task-imagine_run-042_eeg.edf
sub-01/ses-05/eeg/sub-01_ses-05_task-imagine_run-043_eeg.edf
sub-01/ses-05/eeg/sub-01_ses-05_task-imagine_run-044_eeg.edf
sub-01/ses-05/eeg/sub-01_ses-05_task-imagine_run-045_eeg.edf
sub-02/ses-01/eeg/sub-02_ses-01_task-imagine_run-01_eeg.edf
sub-02/ses-01/eeg/sub-02_ses-01_task-imagine_run-02_eeg.edf
sub-02/ses-01/eeg/sub-02_ses-01_task-imagine_run-03_eeg.edf
sub-02/ses-01/eeg/sub-02_ses-01_task-imagine_run-04_eeg.edf
sub-02/ses-01/eeg/sub-02_ses-01_task-imagine_run-05_eeg.edf
sub-02/ses-01/eeg/sub-02_ses-01_task-imagine_run-06_eeg.edf
sub-02/ses-01/eeg/sub-02_ses-01_task-imagine_run-07_eeg.edf
sub-02/ses-02/eeg/sub-02_ses-02_task-imagine_run-010_eeg.edf
sub-02/ses-02/eeg/sub-02_ses-02_task-imagine_run-011_eeg.edf
sub-02/ses-02/eeg/sub-02_ses-02_task-imagine_run-012_eeg.edf
sub-02/ses-02/eeg/sub-02_ses-02_task-imagine_run-013_eeg.edf
sub-02/ses-02/eeg/sub-02_ses-02_task-imagine_run-014_eeg.edf
sub-02/ses-02/eeg/sub-02_ses-02_task-imagine_run-015_eeg.edf
sub-02/ses-02/eeg/sub-02_ses-02_task-imagine_run-016_eeg.edf
sub-02/ses-02/eeg/sub-02_ses-02_task-imagine_run-08_eeg.edf
sub-02/ses-02/eeg/sub-02_ses-02_task-imagine_run-09_eeg.edf
sub-02/ses-03/eeg/sub-02_ses-03_task-imagine_run-017_eeg.edf
sub-02/ses-03/eeg/sub-02_ses-03_task-imagine_run-018_eeg.edf
sub-02/ses-03/eeg/sub-02_ses-03_task-imagine_run-019_eeg.edf
sub-02/ses-03/eeg/sub-02_ses-03_task-imagine_run-020_eeg.edf
sub-02/ses-03/eeg/sub-02_ses-03_task-imagine_run-021_eeg.edf
sub-02/ses-03/eeg/sub-02_ses-03_task-imagine_run-022_eeg.edf
sub-02/ses-03/eeg/sub-02_ses-03_task-imagine_run-023_eeg.edf
sub-02/ses-03/eeg/sub-02_ses-03_task-imagine_run-024_eeg.edf
sub-02/ses-03/eeg/sub-02_ses-03_task-imagine_run-025_eeg.edf
sub-02/ses-04/eeg/sub-02_ses-04_task-imagine_run-026_eeg.edf
sub-02/ses-04/eeg/sub-02_ses-04_task-imagine_run-027_eeg.edf
sub-02/ses-04/eeg/sub-02_ses-04_task-imagine_run-028_eeg.edf
sub-02/ses-04/eeg/sub-02_ses-04_task-imagine_run-029_eeg.edf
sub-02/ses-04/eeg/sub-02_ses-04_task-imagine_run-030_eeg.edf
sub-02/ses-04/eeg/sub-02_ses-04_task-imagine_run-031_eeg.edf
sub-02/ses-04/eeg/sub-02_ses-04_task-imagine_run-032_eeg.edf
sub-02/ses-04/eeg/sub-02_ses-04_task-imagine_run-033_eeg.edf
sub-02/ses-04/eeg/sub-02_ses-04_task-imagine_run-034_eeg.edf
sub-02/ses-05/eeg/sub-02_ses-05_task-imagine_run-035_eeg.edf

===== edf run ids =====
num run ids: 225
min/max: 1 45
unique first 80: [1, 2, 3, 4, 5, 6, 7, 8, 9, 10, 11, 12, 13, 14, 15, 16, 17, 18, 19, 20, 21, 22, 23, 24, 25, 26, 27, 28, 29, 30, 31, 32, 33, 34, 35, 36, 37, 38, 39, 40, 41, 42, 43, 44, 45]
